<?xml version="1.0" encoding="UTF-8"?>
<testng-results ignored="0" total="1" passed="1" failed="0" skipped="0">
  <reporter-output>
  </reporter-output>
  <suite started-at="2024-01-22T09:37:54 IST" name="Default suite" finished-at="2024-01-22T09:38:31 IST" duration-ms="37152">
    <groups>
    </groups>
    <test started-at="2024-01-22T09:37:54 IST" name="Default test" finished-at="2024-01-22T09:38:31 IST" duration-ms="37152">
      <class name="EzyBill.STB.BulkOperationreact">
        <test-method is-config="true" signature="bSuite()[pri:0, instance:EzyBill.STB.BulkOperationreact@30c15d8b]" started-at="2024-01-22T09:37:54 IST" name="bSuite" finished-at="2024-01-22T09:37:54 IST" duration-ms="32" status="PASS">
          <reporter-output>
          </reporter-output>
        </test-method> <!-- bSuite -->
        <test-method is-config="true" signature="bClass()[pri:0, instance:EzyBill.STB.BulkOperationreact@30c15d8b]" started-at="2024-01-22T09:37:54 IST" name="bClass" finished-at="2024-01-22T09:38:09 IST" duration-ms="14450" status="PASS">
          <reporter-output>
          </reporter-output>
        </test-method> <!-- bClass -->
        <test-method is-config="true" signature="bMethod()[pri:0, instance:EzyBill.STB.BulkOperationreact@30c15d8b]" started-at="2024-01-22T09:38:09 IST" name="bMethod" finished-at="2024-01-22T09:38:16 IST" duration-ms="7133" status="PASS">
          <reporter-output>
          </reporter-output>
        </test-method> <!-- bMethod -->
        <test-method signature="test()[pri:0, instance:EzyBill.STB.BulkOperationreact@30c15d8b]" started-at="2024-01-22T09:38:16 IST" name="test" finished-at="2024-01-22T09:38:31 IST" duration-ms="15393" status="PASS">
          <reporter-output>
          </reporter-output>
        </test-method> <!-- test -->
        <test-method is-config="true" signature="aMethod()[pri:0, instance:EzyBill.STB.BulkOperationreact@30c15d8b]" started-at="2024-01-22T09:38:31 IST" name="aMethod" finished-at="2024-01-22T09:38:31 IST" duration-ms="4" status="PASS">
          <reporter-output>
          </reporter-output>
        </test-method> <!-- aMethod -->
        <test-method is-config="true" signature="aClass()[pri:0, instance:EzyBill.STB.BulkOperationreact@30c15d8b]" started-at="2024-01-22T09:38:31 IST" name="aClass" finished-at="2024-01-22T09:38:31 IST" duration-ms="1" status="PASS">
          <reporter-output>
          </reporter-output>
        </test-method> <!-- aClass -->
        <test-method is-config="true" signature="aSuite()[pri:0, instance:EzyBill.STB.BulkOperationreact@30c15d8b]" started-at="2024-01-22T09:38:32 IST" name="aSuite" finished-at="2024-01-22T09:38:32 IST" duration-ms="2" status="PASS">
          <reporter-output>
          </reporter-output>
        </test-method> <!-- aSuite -->
      </class> <!-- EzyBill.STB.BulkOperationreact -->
    </test> <!-- Default test -->
  </suite> <!-- Default suite -->
</testng-results>
